<?xml version="1.0" encoding="UTF-8"?>
<robot generator="Robot 4.1.1 (Python 3.9.7 on win32)" generated="20211111 14:02:03.481" rpa="false" schemaversion="2">
<suite id="s1" name="validateNavigation" source="C:\Users\Taylor\Documents\OGInternApp\internapp\robot\validateNavigation.robot">
<test id="s1-t1" name="Sigin with Adminpassword">
<kw name="Open Browser" library="SeleniumLibrary">
<arg>http://localhost:8000/</arg>
<arg>chrome</arg>
<doc>Opens a new browser instance to the optional ``url``.</doc>
<msg timestamp="20211111 14:02:03.767" level="INFO">Opening browser 'chrome' to base url 'http://localhost:8000/'.</msg>
<status status="PASS" starttime="20211111 14:02:03.766" endtime="20211111 14:02:06.383"/>
</kw>
<kw name="Maximize Browser Window" library="SeleniumLibrary">
<doc>Maximizes current browser window.</doc>
<status status="PASS" starttime="20211111 14:02:06.385" endtime="20211111 14:02:07.814"/>
</kw>
<status status="PASS" starttime="20211111 14:02:03.765" endtime="20211111 14:02:07.815"/>
</test>
<test id="s1-t2" name="Move to Login Page">
<kw name="Mouse Down" library="SeleniumLibrary">
<arg>xpath:/html/body/div/div/a[1]</arg>
<doc>Simulates pressing the left mouse button on the element ``locator``.</doc>
<msg timestamp="20211111 14:02:07.821" level="INFO">Simulating Mouse Down on element 'xpath:/html/body/div/div/a[1]'.</msg>
<status status="PASS" starttime="20211111 14:02:07.820" endtime="20211111 14:02:08.191"/>
</kw>
<kw name="Mouse Up" library="SeleniumLibrary">
<arg>xpath:/html/body/div/div/a[1]</arg>
<doc>Simulates releasing the left mouse button on the element ``locator``.</doc>
<msg timestamp="20211111 14:02:08.198" level="INFO">Simulating Mouse Up on element 'xpath:/html/body/div/div/a[1]'.</msg>
<status status="PASS" starttime="20211111 14:02:08.196" endtime="20211111 14:02:08.744"/>
</kw>
<status status="PASS" starttime="20211111 14:02:07.819" endtime="20211111 14:02:08.747"/>
</test>
<test id="s1-t3" name="Attempt to Login With Credentials">
<kw name="Input Text" library="SeleniumLibrary">
<arg>//*[@id="emailTxt"]</arg>
<arg>${adminUsername}</arg>
<doc>Types the given ``text`` into the text field identified by ``locator``.</doc>
<msg timestamp="20211111 14:02:08.750" level="INFO">Typing text 'test@test.com' into text field '//*[@id="emailTxt"]'.</msg>
<status status="PASS" starttime="20211111 14:02:08.750" endtime="20211111 14:02:10.092"/>
</kw>
<kw name="Input Text" library="SeleniumLibrary">
<arg>//*[@id="passwordTxt"]</arg>
<arg>${adminPassword}</arg>
<doc>Types the given ``text`` into the text field identified by ``locator``.</doc>
<msg timestamp="20211111 14:02:10.094" level="INFO">Typing text '123456' into text field '//*[@id="passwordTxt"]'.</msg>
<status status="PASS" starttime="20211111 14:02:10.092" endtime="20211111 14:02:10.242"/>
</kw>
<kw name="Mouse Down" library="SeleniumLibrary">
<arg>//*[@id="loginBtn"]</arg>
<doc>Simulates pressing the left mouse button on the element ``locator``.</doc>
<msg timestamp="20211111 14:02:10.243" level="INFO">Simulating Mouse Down on element '//*[@id="loginBtn"]'.</msg>
<status status="PASS" starttime="20211111 14:02:10.242" endtime="20211111 14:02:10.622"/>
</kw>
<kw name="Mouse Up" library="SeleniumLibrary">
<arg>//*[@id="loginBtn"]</arg>
<doc>Simulates releasing the left mouse button on the element ``locator``.</doc>
<msg timestamp="20211111 14:02:10.629" level="INFO">Simulating Mouse Up on element '//*[@id="loginBtn"]'.</msg>
<status status="PASS" starttime="20211111 14:02:10.627" endtime="20211111 14:02:40.312"/>
</kw>
<status status="PASS" starttime="20211111 14:02:08.749" endtime="20211111 14:02:40.333"/>
</test>
<test id="s1-t4" name="GGC Internapp Button Test">
<kw name="Mouse Down" library="SeleniumLibrary">
<arg>xpath:/html/body/nav/div/div[1]</arg>
<doc>Simulates pressing the left mouse button on the element ``locator``.</doc>
<msg timestamp="20211111 14:02:40.343" level="INFO">Simulating Mouse Down on element 'xpath:/html/body/nav/div/div[1]'.</msg>
<kw name="Capture Page Screenshot" library="SeleniumLibrary">
<doc>Takes a screenshot of the current page and embeds it into a log file.</doc>
<msg timestamp="20211111 14:02:56.680" level="FAIL">WebDriverException: Message: chrome not reachable
  (Session info: chrome=95.0.4638.69)
</msg>
<status status="FAIL" starttime="20211111 14:02:44.464" endtime="20211111 14:02:56.680"/>
</kw>
<msg timestamp="20211111 14:02:56.680" level="WARN">Keyword 'Capture Page Screenshot' could not be run on failure: WebDriverException: Message: chrome not reachable
  (Session info: chrome=95.0.4638.69)
</msg>
<msg timestamp="20211111 14:02:56.697" level="FAIL">WebDriverException: Message: chrome not reachable
  (Session info: chrome=95.0.4638.69)
</msg>
<status status="FAIL" starttime="20211111 14:02:40.343" endtime="20211111 14:02:56.697"/>
</kw>
<kw name="Mouse Up" library="SeleniumLibrary">
<arg>xpath:/html/body/nav/div/div[1]</arg>
<doc>Simulates releasing the left mouse button on the element ``locator``.</doc>
<status status="NOT RUN" starttime="20211111 14:02:56.698" endtime="20211111 14:02:56.698"/>
</kw>
<kw name="Element Should Contain" library="SeleniumLibrary">
<arg>xpath:/html/head/title</arg>
<arg>Admin/Instructor Home</arg>
<doc>Verifies that element ``locator`` contains text ``expected``.</doc>
<status status="NOT RUN" starttime="20211111 14:02:56.699" endtime="20211111 14:02:56.700"/>
</kw>
<status status="FAIL" starttime="20211111 14:02:40.343" endtime="20211111 14:02:56.702">WebDriverException: Message: chrome not reachable
  (Session info: chrome=95.0.4638.69)
</status>
</test>
<test id="s1-t5" name="Homepage Button Test">
<status status="FAIL" starttime="20211111 14:02:56.707" endtime="20211111 14:02:56.708">Test case contains no keywords.</status>
</test>
<doc>Test that Nav buttons take you to the correct Html locations</doc>
<status status="FAIL" starttime="20211111 14:02:03.483" endtime="20211111 14:02:56.715"/>
</suite>
<statistics>
<total>
<stat pass="3" fail="2" skip="0">All Tests</stat>
</total>
<tag>
</tag>
<suite>
<stat pass="3" fail="2" skip="0" id="s1" name="validateNavigation">validateNavigation</stat>
</suite>
</statistics>
<errors>
<msg timestamp="20211111 14:02:56.680" level="WARN">Keyword 'Capture Page Screenshot' could not be run on failure: WebDriverException: Message: chrome not reachable
  (Session info: chrome=95.0.4638.69)
</msg>
</errors>
</robot>
